  Processing .\demo.idl
  demo.idl
  Processing C:\Program Files (x86)\Windows Kits\8.1\Include\um\oaidl.idl
  oaidl.idl
  Processing C:\Program Files (x86)\Windows Kits\8.1\Include\um\objidl.idl
  objidl.idl
  Processing C:\Program Files (x86)\Windows Kits\8.1\Include\um\unknwn.idl
  unknwn.idl
  Processing C:\Program Files (x86)\Windows Kits\8.1\Include\shared\wtypes.idl
  wtypes.idl
  Processing C:\Program Files (x86)\Windows Kits\8.1\Include\shared\wtypesbase.idl
  wtypesbase.idl
  Processing C:\Program Files (x86)\Windows Kits\8.1\Include\shared\basetsd.h
  basetsd.h
  Processing C:\Program Files (x86)\Windows Kits\8.1\Include\shared\guiddef.h
  guiddef.h
  Processing C:\Program Files (x86)\Windows Kits\8.1\Include\um\oaidl.acf
  oaidl.acf
  stdafx.cpp
  MyClass.cpp
e:\projects\ocx\demo\demo\myclass.cpp(12): error C2352: “CMyClass::func”: 非静态成员函数的非法调用
  e:\projects\ocx\demo\demo\myclass.h(26): note: 参见“CMyClass::func”的声明
e:\projects\ocx\demo\demo\myclass.cpp(33): error C2084: 函数“const AFX_MSGMAP *CMyClass::GetMessageMap(void) const”已有主体
  e:\projects\ocx\demo\demo\myclass.cpp(11): note: 参见“GetMessageMap”的前一个定义
e:\projects\ocx\demo\demo\myclass.cpp(33): error C2084: 函数“const AFX_MSGMAP *CMyClass::GetThisMessageMap(void)”已有主体
  e:\projects\ocx\demo\demo\myclass.cpp(11): note: 参见“GetThisMessageMap”的前一个定义
  demoPropPage.cpp
  demoCtrl.cpp
  demo.cpp
  正在生成代码...
