e:\projects\ocx\demo\demo\release\demo.pch
e:\projects\ocx\demo\demo\release\vc140.pdb
e:\projects\ocx\demo\demo\release\stdafx.obj
e:\projects\ocx\demo\demo\release\demoproppage.obj
e:\projects\ocx\demo\demo\release\democtrl.obj
e:\projects\ocx\demo\demo\release\demo.obj
e:\projects\ocx\demo\demo\release\myclass.obj
e:\projects\ocx\demo\release\demo.lib
e:\projects\ocx\demo\release\demo.exp
e:\projects\ocx\demo\release\demo.ocx
e:\projects\ocx\demo\release\demo.ipdb
e:\projects\ocx\demo\release\demo.iobj
e:\projects\ocx\demo\release\demo.pdb
e:\projects\ocx\demo\demo\release\demo.tlb
e:\projects\ocx\demo\demo\demo_i.c
e:\projects\ocx\demo\demo\demoidl.h
e:\projects\ocx\demo\demo\release\demo.res
e:\projects\ocx\demo\demo\release\demo.tlog\cl.command.1.tlog
e:\projects\ocx\demo\demo\release\demo.tlog\cl.read.1.tlog
e:\projects\ocx\demo\demo\release\demo.tlog\cl.write.1.tlog
e:\projects\ocx\demo\demo\release\demo.tlog\demo.write.1u.tlog
e:\projects\ocx\demo\demo\release\demo.tlog\link.command.1.tlog
e:\projects\ocx\demo\demo\release\demo.tlog\link.read.1.tlog
e:\projects\ocx\demo\demo\release\demo.tlog\link.write.1.tlog
e:\projects\ocx\demo\demo\release\demo.tlog\midl.command.1.tlog
e:\projects\ocx\demo\demo\release\demo.tlog\midl.read.1.tlog
e:\projects\ocx\demo\demo\release\demo.tlog\midl.write.1.tlog
e:\projects\ocx\demo\demo\release\demo.tlog\rc.command.1.tlog
e:\projects\ocx\demo\demo\release\demo.tlog\rc.read.1.tlog
e:\projects\ocx\demo\demo\release\demo.tlog\rc.write.1.tlog
